Determining if the pthread_create exist failed with the following output:
Change Dir: /home/group3/rover_workspace/src/build-rqt_rover_gui-Desktop-Default/CMakeFiles/CMakeTmp

Run Build Command:/usr/bin/make "cmTryCompileExec1798803146/fast"
/usr/bin/make -f CMakeFiles/cmTryCompileExec1798803146.dir/build.make CMakeFiles/cmTryCompileExec1798803146.dir/build
make[1]: Entering directory `/home/group3/rover_workspace/src/build-rqt_rover_gui-Desktop-Default/CMakeFiles/CMakeTmp'
/usr/bin/cmake -E cmake_progress_report /home/group3/rover_workspace/src/build-rqt_rover_gui-Desktop-Default/CMakeFiles/CMakeTmp/CMakeFiles 1
Building C object CMakeFiles/cmTryCompileExec1798803146.dir/CheckSymbolExists.c.o
/usr/bin/cc    -o CMakeFiles/cmTryCompileExec1798803146.dir/CheckSymbolExists.c.o   -c /home/group3/rover_workspace/src/build-rqt_rover_gui-Desktop-Default/CMakeFiles/CMakeTmp/CheckSymbolExists.c
Linking C executable cmTryCompileExec1798803146
/usr/bin/cmake -E cmake_link_script CMakeFiles/cmTryCompileExec1798803146.dir/link.txt --verbose=1
/usr/bin/cc       CMakeFiles/cmTryCompileExec1798803146.dir/CheckSymbolExists.c.o  -o cmTryCompileExec1798803146 -rdynamic 
CMakeFiles/cmTryCompileExec1798803146.dir/CheckSymbolExists.c.o: In function `main':
CheckSymbolExists.c:(.text+0x16): undefined reference to `pthread_create'
collect2: error: ld returned 1 exit status
make[1]: *** [cmTryCompileExec1798803146] Error 1
make[1]: Leaving directory `/home/group3/rover_workspace/src/build-rqt_rover_gui-Desktop-Default/CMakeFiles/CMakeTmp'
make: *** [cmTryCompileExec1798803146/fast] Error 2

File /home/group3/rover_workspace/src/build-rqt_rover_gui-Desktop-Default/CMakeFiles/CMakeTmp/CheckSymbolExists.c:
/* */
#include <pthread.h>

int main(int argc, char** argv)
{
  (void)argv;
#ifndef pthread_create
  return ((int*)(&pthread_create))[argc];
#else
  (void)argc;
  return 0;
#endif
}

Determining if the function pthread_create exists in the pthreads failed with the following output:
Change Dir: /home/group3/rover_workspace/src/build-rqt_rover_gui-Desktop-Default/CMakeFiles/CMakeTmp

Run Build Command:/usr/bin/make "cmTryCompileExec3880960270/fast"
/usr/bin/make -f CMakeFiles/cmTryCompileExec3880960270.dir/build.make CMakeFiles/cmTryCompileExec3880960270.dir/build
make[1]: Entering directory `/home/group3/rover_workspace/src/build-rqt_rover_gui-Desktop-Default/CMakeFiles/CMakeTmp'
/usr/bin/cmake -E cmake_progress_report /home/group3/rover_workspace/src/build-rqt_rover_gui-Desktop-Default/CMakeFiles/CMakeTmp/CMakeFiles 1
Building C object CMakeFiles/cmTryCompileExec3880960270.dir/CheckFunctionExists.c.o
/usr/bin/cc   -DCHECK_FUNCTION_EXISTS=pthread_create   -o CMakeFiles/cmTryCompileExec3880960270.dir/CheckFunctionExists.c.o   -c /usr/share/cmake-2.8/Modules/CheckFunctionExists.c
Linking C executable cmTryCompileExec3880960270
/usr/bin/cmake -E cmake_link_script CMakeFiles/cmTryCompileExec3880960270.dir/link.txt --verbose=1
/usr/bin/cc   -DCHECK_FUNCTION_EXISTS=pthread_create    CMakeFiles/cmTryCompileExec3880960270.dir/CheckFunctionExists.c.o  -o cmTryCompileExec3880960270 -rdynamic -lpthreads 
/usr/bin/ld: cannot find -lpthreads
collect2: error: ld returned 1 exit status
make[1]: *** [cmTryCompileExec3880960270] Error 1
make[1]: Leaving directory `/home/group3/rover_workspace/src/build-rqt_rover_gui-Desktop-Default/CMakeFiles/CMakeTmp'
make: *** [cmTryCompileExec3880960270/fast] Error 2


Determining if the Q_WS_WIN exist failed with the following output:
Change Dir: /home/group3/rover_workspace/src/build-rqt_rover_gui-Desktop-Default/CMakeFiles/CMakeTmp

Run Build Command:/usr/bin/make "cmTryCompileExec1517309852/fast"
/usr/bin/make -f CMakeFiles/cmTryCompileExec1517309852.dir/build.make CMakeFiles/cmTryCompileExec1517309852.dir/build
make[1]: Entering directory `/home/group3/rover_workspace/src/build-rqt_rover_gui-Desktop-Default/CMakeFiles/CMakeTmp'
/usr/bin/cmake -E cmake_progress_report /home/group3/rover_workspace/src/build-rqt_rover_gui-Desktop-Default/CMakeFiles/CMakeTmp/CMakeFiles 1
Building CXX object CMakeFiles/cmTryCompileExec1517309852.dir/CheckSymbolExists.cxx.o
/usr/bin/c++    -std=c++0x   -I/usr/include/qt4    -o CMakeFiles/cmTryCompileExec1517309852.dir/CheckSymbolExists.cxx.o -c /home/group3/rover_workspace/src/build-rqt_rover_gui-Desktop-Default/CMakeFiles/CMakeTmp/CheckSymbolExists.cxx
/home/group3/rover_workspace/src/build-rqt_rover_gui-Desktop-Default/CMakeFiles/CMakeTmp/CheckSymbolExists.cxx: In function ‘int main(int, char**)’:
/home/group3/rover_workspace/src/build-rqt_rover_gui-Desktop-Default/CMakeFiles/CMakeTmp/CheckSymbolExists.cxx:8:19: error: ‘Q_WS_WIN’ was not declared in this scope
   return ((int*)(&Q_WS_WIN))[argc];
                   ^
make[1]: *** [CMakeFiles/cmTryCompileExec1517309852.dir/CheckSymbolExists.cxx.o] Error 1
make[1]: Leaving directory `/home/group3/rover_workspace/src/build-rqt_rover_gui-Desktop-Default/CMakeFiles/CMakeTmp'
make: *** [cmTryCompileExec1517309852/fast] Error 2

File /home/group3/rover_workspace/src/build-rqt_rover_gui-Desktop-Default/CMakeFiles/CMakeTmp/CheckSymbolExists.cxx:
/* */
#include <QtCore/qglobal.h>

int main(int argc, char** argv)
{
  (void)argv;
#ifndef Q_WS_WIN
  return ((int*)(&Q_WS_WIN))[argc];
#else
  (void)argc;
  return 0;
#endif
}

Determining if the Q_WS_QWS exist failed with the following output:
Change Dir: /home/group3/rover_workspace/src/build-rqt_rover_gui-Desktop-Default/CMakeFiles/CMakeTmp

Run Build Command:/usr/bin/make "cmTryCompileExec608531792/fast"
/usr/bin/make -f CMakeFiles/cmTryCompileExec608531792.dir/build.make CMakeFiles/cmTryCompileExec608531792.dir/build
make[1]: Entering directory `/home/group3/rover_workspace/src/build-rqt_rover_gui-Desktop-Default/CMakeFiles/CMakeTmp'
/usr/bin/cmake -E cmake_progress_report /home/group3/rover_workspace/src/build-rqt_rover_gui-Desktop-Default/CMakeFiles/CMakeTmp/CMakeFiles 1
Building CXX object CMakeFiles/cmTryCompileExec608531792.dir/CheckSymbolExists.cxx.o
/usr/bin/c++    -std=c++0x   -I/usr/include/qt4    -o CMakeFiles/cmTryCompileExec608531792.dir/CheckSymbolExists.cxx.o -c /home/group3/rover_workspace/src/build-rqt_rover_gui-Desktop-Default/CMakeFiles/CMakeTmp/CheckSymbolExists.cxx
/home/group3/rover_workspace/src/build-rqt_rover_gui-Desktop-Default/CMakeFiles/CMakeTmp/CheckSymbolExists.cxx: In function ‘int main(int, char**)’:
/home/group3/rover_workspace/src/build-rqt_rover_gui-Desktop-Default/CMakeFiles/CMakeTmp/CheckSymbolExists.cxx:8:19: error: ‘Q_WS_QWS’ was not declared in this scope
   return ((int*)(&Q_WS_QWS))[argc];
                   ^
make[1]: *** [CMakeFiles/cmTryCompileExec608531792.dir/CheckSymbolExists.cxx.o] Error 1
make[1]: Leaving directory `/home/group3/rover_workspace/src/build-rqt_rover_gui-Desktop-Default/CMakeFiles/CMakeTmp'
make: *** [cmTryCompileExec608531792/fast] Error 2

File /home/group3/rover_workspace/src/build-rqt_rover_gui-Desktop-Default/CMakeFiles/CMakeTmp/CheckSymbolExists.cxx:
/* */
#include <QtCore/qglobal.h>

int main(int argc, char** argv)
{
  (void)argv;
#ifndef Q_WS_QWS
  return ((int*)(&Q_WS_QWS))[argc];
#else
  (void)argc;
  return 0;
#endif
}

Determining if the Q_WS_MAC exist failed with the following output:
Change Dir: /home/group3/rover_workspace/src/build-rqt_rover_gui-Desktop-Default/CMakeFiles/CMakeTmp

Run Build Command:/usr/bin/make "cmTryCompileExec4161062414/fast"
/usr/bin/make -f CMakeFiles/cmTryCompileExec4161062414.dir/build.make CMakeFiles/cmTryCompileExec4161062414.dir/build
make[1]: Entering directory `/home/group3/rover_workspace/src/build-rqt_rover_gui-Desktop-Default/CMakeFiles/CMakeTmp'
/usr/bin/cmake -E cmake_progress_report /home/group3/rover_workspace/src/build-rqt_rover_gui-Desktop-Default/CMakeFiles/CMakeTmp/CMakeFiles 1
Building CXX object CMakeFiles/cmTryCompileExec4161062414.dir/CheckSymbolExists.cxx.o
/usr/bin/c++    -std=c++0x   -I/usr/include/qt4    -o CMakeFiles/cmTryCompileExec4161062414.dir/CheckSymbolExists.cxx.o -c /home/group3/rover_workspace/src/build-rqt_rover_gui-Desktop-Default/CMakeFiles/CMakeTmp/CheckSymbolExists.cxx
/home/group3/rover_workspace/src/build-rqt_rover_gui-Desktop-Default/CMakeFiles/CMakeTmp/CheckSymbolExists.cxx: In function ‘int main(int, char**)’:
/home/group3/rover_workspace/src/build-rqt_rover_gui-Desktop-Default/CMakeFiles/CMakeTmp/CheckSymbolExists.cxx:8:19: error: ‘Q_WS_MAC’ was not declared in this scope
   return ((int*)(&Q_WS_MAC))[argc];
                   ^
make[1]: *** [CMakeFiles/cmTryCompileExec4161062414.dir/CheckSymbolExists.cxx.o] Error 1
make[1]: Leaving directory `/home/group3/rover_workspace/src/build-rqt_rover_gui-Desktop-Default/CMakeFiles/CMakeTmp'
make: *** [cmTryCompileExec4161062414/fast] Error 2

File /home/group3/rover_workspace/src/build-rqt_rover_gui-Desktop-Default/CMakeFiles/CMakeTmp/CheckSymbolExists.cxx:
/* */
#include <QtCore/qglobal.h>

int main(int argc, char** argv)
{
  (void)argv;
#ifndef Q_WS_MAC
  return ((int*)(&Q_WS_MAC))[argc];
#else
  (void)argc;
  return 0;
#endif
}

